[debug] [2018-01-11T20:09:43.005Z] ----------------------------------------------------------------------
[debug] [2018-01-11T20:09:43.008Z] Command:       /usr/local/Cellar/node/8.8.1/bin/node /usr/local/bin/firebase serve
[debug] [2018-01-11T20:09:43.008Z] CLI Version:   3.16.0
[debug] [2018-01-11T20:09:43.009Z] Platform:      darwin
[debug] [2018-01-11T20:09:43.009Z] Node Version:  v8.8.1
[debug] [2018-01-11T20:09:43.009Z] Time:          Thu Jan 11 2018 21:09:43 GMT+0100 (CET)
[debug] [2018-01-11T20:09:43.009Z] ----------------------------------------------------------------------
[debug] 
[debug] [2018-01-11T20:09:43.021Z] > command requires scopes: ["email","openid","https://www.googleapis.com/auth/cloudplatformprojects.readonly","https://www.googleapis.com/auth/firebase","https://www.googleapis.com/auth/cloud-platform"]
[debug] [2018-01-11T20:09:43.021Z] > authorizing via signed-in user
[debug] [2018-01-11T20:09:43.023Z] >>> HTTP REQUEST GET https://admin.firebase.com/v1/projects/gamemastertool-39161  
  
 Thu Jan 11 2018 21:09:43 GMT+0100 (CET)
[debug] [2018-01-11T20:09:44.679Z] <<< HTTP RESPONSE 200
[debug] [2018-01-11T20:09:44.680Z] >>> HTTP REQUEST GET https://admin.firebase.com/v1/database/gamemastertool-39161/tokens  
  
 Thu Jan 11 2018 21:09:44 GMT+0100 (CET)
[debug] [2018-01-11T20:09:45.628Z] <<< HTTP RESPONSE 200
[info] 
[info] === Serving from '/Users/robinson/code/rpg/app'...
[info] 
[debug] [2018-01-11T20:09:45.631Z] >>> HTTP REQUEST GET https://cloudresourcemanager.googleapis.com/v1/projects/gamemastertool-39161  
  
 Thu Jan 11 2018 21:09:45 GMT+0100 (CET)
[debug] [2018-01-11T20:09:46.613Z] <<< HTTP RESPONSE 200
[debug] [2018-01-11T20:09:46.614Z] >>> HTTP REQUEST GET https://mobilesdk-pa.googleapis.com/v1/projects/5604827303/clients/_:getWebAppConfig  
  
 Thu Jan 11 2018 21:09:46 GMT+0100 (CET)
[debug] [2018-01-11T20:09:47.084Z] <<< HTTP RESPONSE 200
[debug] [2018-01-11T20:09:47.099Z] TypeError: Cannot read property 'public' of undefined
    at Server.<anonymous> (/Users/robinson/.config/yarn/global/node_modules/firebase-tools/lib/serve/hosting.js:34:18)
    at Object.onceWrapper (events.js:312:30)
    at emitNone (events.js:105:13)
    at Server.emit (events.js:207:7)
    at emitListeningNT (net.js:1381:10)
    at _combinedTickCallback (internal/process/next_tick.js:135:11)
    at process._tickDomainCallback (internal/process/next_tick.js:218:9)
[error] 
[error] Error: An unexpected error has occurred.
